Determining if the pthread_create exist failed with the following output:
Change Dir: /home/yc/Messages/CMakeFiles/CMakeTmp

Run Build Command:/usr/bin/gmake "cmTryCompileExec1404507525/fast"
/usr/bin/gmake -f CMakeFiles/cmTryCompileExec1404507525.dir/build.make CMakeFiles/cmTryCompileExec1404507525.dir/build
gmake[1]: Entering directory `/home/yc/Messages/CMakeFiles/CMakeTmp'
/usr/bin/cmake -E cmake_progress_report /home/yc/Messages/CMakeFiles/CMakeTmp/CMakeFiles 1
Building C object CMakeFiles/cmTryCompileExec1404507525.dir/CheckSymbolExists.c.o
/usr/bin/cc    -o CMakeFiles/cmTryCompileExec1404507525.dir/CheckSymbolExists.c.o   -c /home/yc/Messages/CMakeFiles/CMakeTmp/CheckSymbolExists.c
Linking C executable cmTryCompileExec1404507525
/usr/bin/cmake -E cmake_link_script CMakeFiles/cmTryCompileExec1404507525.dir/link.txt --verbose=1
/usr/bin/cc       CMakeFiles/cmTryCompileExec1404507525.dir/CheckSymbolExists.c.o  -o cmTryCompileExec1404507525 -rdynamic 
CMakeFiles/cmTryCompileExec1404507525.dir/CheckSymbolExists.c.o: In function `main':
CheckSymbolExists.c:(.text+0x16): undefined reference to `pthread_create'
gmake[1]: Leaving directory `/home/yc/Messages/CMakeFiles/CMakeTmp'
collect2: error: ld returned 1 exit status
gmake[1]: *** [cmTryCompileExec1404507525] Error 1
gmake: *** [cmTryCompileExec1404507525/fast] Error 2

File /home/yc/Messages/CMakeFiles/CMakeTmp/CheckSymbolExists.c:
/* */
#include <pthread.h>

int main(int argc, char** argv)
{
  (void)argv;
#ifndef pthread_create
  return ((int*)(&pthread_create))[argc];
#else
  (void)argc;
  return 0;
#endif
}

Determining if the function pthread_create exists in the pthreads failed with the following output:
Change Dir: /home/yc/Messages/CMakeFiles/CMakeTmp

Run Build Command:/usr/bin/gmake "cmTryCompileExec1463554954/fast"
/usr/bin/gmake -f CMakeFiles/cmTryCompileExec1463554954.dir/build.make CMakeFiles/cmTryCompileExec1463554954.dir/build
gmake[1]: Entering directory `/home/yc/Messages/CMakeFiles/CMakeTmp'
/usr/bin/cmake -E cmake_progress_report /home/yc/Messages/CMakeFiles/CMakeTmp/CMakeFiles 1
Building C object CMakeFiles/cmTryCompileExec1463554954.dir/CheckFunctionExists.c.o
/usr/bin/cc   -DCHECK_FUNCTION_EXISTS=pthread_create   -o CMakeFiles/cmTryCompileExec1463554954.dir/CheckFunctionExists.c.o   -c /usr/share/cmake/Modules/CheckFunctionExists.c
Linking C executable cmTryCompileExec1463554954
/usr/bin/cmake -E cmake_link_script CMakeFiles/cmTryCompileExec1463554954.dir/link.txt --verbose=1
/usr/bin/cc   -DCHECK_FUNCTION_EXISTS=pthread_create    CMakeFiles/cmTryCompileExec1463554954.dir/CheckFunctionExists.c.o  -o cmTryCompileExec1463554954 -rdynamic -lpthreads 
/usr/bin/ld: cannot find -lpthreads
gmake[1]: Leaving directory `/home/yc/Messages/CMakeFiles/CMakeTmp'
collect2: error: ld returned 1 exit status
gmake[1]: *** [cmTryCompileExec1463554954] Error 1
gmake: *** [cmTryCompileExec1463554954/fast] Error 2


